<?xml version="1.0" encoding="UTF-8"?>
<testng-results skipped="0" failed="0" ignored="0" total="1" passed="1">
  <reporter-output>
  </reporter-output>
  <suite name="Suite1" duration-ms="26514" started-at="2020-04-25T23:05:22 IST" finished-at="2020-04-25T23:05:49 IST">
    <groups>
    </groups>
    <test name="module1" duration-ms="26514" started-at="2020-04-25T23:05:22 IST" finished-at="2020-04-25T23:05:49 IST">
      <class name="sample.sample.com.CheckBoxTest">
        <test-method status="PASS" signature="start()[pri:0, instance:sample.sample.com.CheckBoxTest@6adede5]" name="start" is-config="true" duration-ms="8937" started-at="2020-04-25T23:05:22 IST" finished-at="2020-04-25T23:05:31 IST">
          <reporter-output>
          </reporter-output>
        </test-method> <!-- start -->
        <test-method status="PASS" signature="checkbox()[pri:0, instance:sample.sample.com.CheckBoxTest@6adede5]" name="checkbox" duration-ms="17211" started-at="2020-04-25T23:05:31 IST" finished-at="2020-04-25T23:05:48 IST">
          <reporter-output>
          </reporter-output>
        </test-method> <!-- checkbox -->
        <test-method status="PASS" signature="closeBrowser()[pri:0, instance:sample.sample.com.CheckBoxTest@6adede5]" name="closeBrowser" is-config="true" duration-ms="315" started-at="2020-04-25T23:05:48 IST" finished-at="2020-04-25T23:05:49 IST">
          <reporter-output>
          </reporter-output>
        </test-method> <!-- closeBrowser -->
      </class> <!-- sample.sample.com.CheckBoxTest -->
    </test> <!-- module1 -->
  </suite> <!-- Suite1 -->
</testng-results>
